<?xml version="1.0" encoding="UTF-8"?>
<coverage generated="1708881241037" clover="3.2.0">
  <project timestamp="1708881241037" name="All files">
    <metrics statements="34" coveredstatements="28" conditionals="7" coveredconditionals="5" methods="14" coveredmethods="9" elements="55" coveredelements="42" complexity="0" loc="34" ncloc="34" packages="4" files="5" classes="5"/>
    <package name="src">
      <metrics statements="16" coveredstatements="12" conditionals="7" coveredconditionals="5" methods="7" coveredmethods="3"/>
      <file name="logger.ts" path="C:\projects\workspaces\git-hub\workflow-playground\src\logger.ts">
        <metrics statements="16" coveredstatements="12" conditionals="7" coveredconditionals="5" methods="7" coveredmethods="3"/>
        <line num="3" count="2" type="cond" truecount="2" falsecount="0"/>
        <line num="4" count="2" type="stmt"/>
        <line num="5" count="2" type="stmt"/>
        <line num="6" count="2" type="stmt"/>
        <line num="7" count="2" type="stmt"/>
        <line num="8" count="2" type="stmt"/>
        <line num="9" count="2" type="stmt"/>
        <line num="12" count="2" type="stmt"/>
        <line num="17" count="8" type="cond" truecount="2" falsecount="0"/>
        <line num="18" count="8" type="cond" truecount="1" falsecount="0"/>
        <line num="19" count="8" type="stmt"/>
        <line num="26" count="0" type="stmt"/>
        <line num="30" count="0" type="stmt"/>
        <line num="34" count="0" type="stmt"/>
        <line num="38" count="8" type="stmt"/>
        <line num="42" count="0" type="stmt"/>
      </file>
    </package>
    <package name="src.tools">
      <metrics statements="1" coveredstatements="1" conditionals="0" coveredconditionals="0" methods="0" coveredmethods="0"/>
      <file name="index.ts" path="C:\projects\workspaces\git-hub\workflow-playground\src\tools\index.ts">
        <metrics statements="1" coveredstatements="1" conditionals="0" coveredconditionals="0" methods="0" coveredmethods="0"/>
        <line num="1" count="1" type="stmt"/>
      </file>
    </package>
    <package name="src.tools.builders">
      <metrics statements="15" coveredstatements="13" conditionals="0" coveredconditionals="0" methods="7" coveredmethods="6"/>
      <file name="index.ts" path="C:\projects\workspaces\git-hub\workflow-playground\src\tools\builders\index.ts">
        <metrics statements="1" coveredstatements="1" conditionals="0" coveredconditionals="0" methods="0" coveredmethods="0"/>
        <line num="1" count="1" type="stmt"/>
      </file>
      <file name="json-data-builder.ts" path="C:\projects\workspaces\git-hub\workflow-playground\src\tools\builders\json-data-builder.ts">
        <metrics statements="14" coveredstatements="12" conditionals="0" coveredconditionals="0" methods="7" coveredmethods="6"/>
        <line num="1" count="1" type="stmt"/>
        <line num="31" count="1" type="stmt"/>
        <line num="35" count="6" type="stmt"/>
        <line num="39" count="0" type="stmt"/>
        <line num="40" count="0" type="stmt"/>
        <line num="44" count="1" type="stmt"/>
        <line num="48" count="1" type="stmt"/>
        <line num="52" count="1" type="stmt"/>
        <line num="56" count="1" type="stmt"/>
        <line num="60" count="1" type="stmt"/>
        <line num="64" count="1" type="stmt"/>
        <line num="68" count="5" type="stmt"/>
        <line num="69" count="5" type="stmt"/>
        <line num="73" count="8" type="stmt"/>
      </file>
    </package>
    <package name="test.__mock__">
      <metrics statements="2" coveredstatements="2" conditionals="0" coveredconditionals="0" methods="0" coveredmethods="0"/>
      <file name="json-data-builder.ts" path="C:\projects\workspaces\git-hub\workflow-playground\test\__mock__\json-data-builder.ts">
        <metrics statements="2" coveredstatements="2" conditionals="0" coveredconditionals="0" methods="0" coveredmethods="0"/>
        <line num="3" count="1" type="stmt"/>
        <line num="38" count="1" type="stmt"/>
      </file>
    </package>
  </project>
</coverage>
