{"C:\\projects\\workspaces\\git-hub\\workflow-playground\\src\\logger.ts": {"path":"C:\\projects\\workspaces\\git-hub\\workflow-playground\\src\\logger.ts","statementMap":{"0":{"start":{"line":1,"column":0},"end":{"line":1,"column":29}},"1":{"start":{"line":3,"column":0},"end":{"line":3,"column":null}},"2":{"start":{"line":4,"column":2},"end":{"line":4,"column":null}},"3":{"start":{"line":5,"column":2},"end":{"line":5,"column":null}},"4":{"start":{"line":6,"column":2},"end":{"line":6,"column":null}},"5":{"start":{"line":7,"column":2},"end":{"line":7,"column":null}},"6":{"start":{"line":8,"column":2},"end":{"line":8,"column":null}},"7":{"start":{"line":9,"column":2},"end":{"line":9,"column":null}},"8":{"start":{"line":17,"column":21},"end":{"line":17,"column":74}},"9":{"start":{"line":18,"column":4},"end":{"line":22,"column":null}},"10":{"start":{"line":20,"column":22},"end":{"line":20,"column":33}},"11":{"start":{"line":21,"column":6},"end":{"line":21,"column":77}},"12":{"start":{"line":26,"column":4},"end":{"line":26,"column":55}},"13":{"start":{"line":30,"column":4},"end":{"line":30,"column":55}},"14":{"start":{"line":34,"column":4},"end":{"line":34,"column":56}},"15":{"start":{"line":38,"column":4},"end":{"line":38,"column":53}},"16":{"start":{"line":42,"column":4},"end":{"line":42,"column":55}},"17":{"start":{"line":12,"column":0},"end":{"line":12,"column":13}}},"fnMap":{"0":{"name":"(anonymous_0)","decl":{"start":{"line":3,"column":0},"end":{"line":3,"column":12}},"loc":{"start":{"line":3,"column":20},"end":{"line":10,"column":1}}},"1":{"name":"(anonymous_1)","decl":{"start":{"line":13,"column":10},"end":{"line":13,"column":16}},"loc":{"start":{"line":15,"column":65},"end":{"line":23,"column":3}}},"2":{"name":"(anonymous_2)","decl":{"start":{"line":25,"column":9},"end":{"line":25,"column":15}},"loc":{"start":{"line":25,"column":36},"end":{"line":27,"column":3}}},"3":{"name":"(anonymous_3)","decl":{"start":{"line":29,"column":9},"end":{"line":29,"column":15}},"loc":{"start":{"line":29,"column":36},"end":{"line":31,"column":3}}},"4":{"name":"(anonymous_4)","decl":{"start":{"line":33,"column":9},"end":{"line":33,"column":15}},"loc":{"start":{"line":33,"column":38},"end":{"line":35,"column":3}}},"5":{"name":"(anonymous_5)","decl":{"start":{"line":37,"column":9},"end":{"line":37,"column":15}},"loc":{"start":{"line":37,"column":35},"end":{"line":39,"column":3}}},"6":{"name":"(anonymous_6)","decl":{"start":{"line":41,"column":9},"end":{"line":41,"column":15}},"loc":{"start":{"line":41,"column":36},"end":{"line":43,"column":3}}}},"branchMap":{"0":{"loc":{"start":{"line":3,"column":12},"end":{"line":3,"column":null}},"type":"binary-expr","locations":[{"start":{"line":3,"column":12},"end":{"line":3,"column":20}},{"start":{"line":3,"column":12},"end":{"line":3,"column":null}}]},"1":{"loc":{"start":{"line":14,"column":6},"end":{"line":14,"column":15}},"type":"default-arg","locations":[{"start":{"line":14,"column":13},"end":{"line":14,"column":15}}]},"2":{"loc":{"start":{"line":15,"column":4},"end":{"line":15,"column":65}},"type":"default-arg","locations":[{"start":{"line":15,"column":60},"end":{"line":15,"column":65}}]},"3":{"loc":{"start":{"line":17,"column":23},"end":{"line":17,"column":61}},"type":"binary-expr","locations":[{"start":{"line":17,"column":23},"end":{"line":17,"column":44}},{"start":{"line":17,"column":48},"end":{"line":17,"column":61}}]},"4":{"loc":{"start":{"line":18,"column":4},"end":{"line":22,"column":null}},"type":"if","locations":[{"start":{"line":18,"column":4},"end":{"line":22,"column":null}}]}},"s":{"0":1,"1":1,"2":1,"3":1,"4":1,"5":1,"6":1,"7":1,"8":4,"9":4,"10":4,"11":4,"12":0,"13":0,"14":0,"15":4,"16":0,"17":1},"f":{"0":1,"1":4,"2":0,"3":0,"4":0,"5":4,"6":0},"b":{"0":[1,1],"1":[0],"2":[0],"3":[4,4],"4":[4]}}
}
