{"C:\\projects\\workspaces\\git-hub\\workflow-playground\\src\\logger.ts": {"path":"C:\\projects\\workspaces\\git-hub\\workflow-playground\\src\\logger.ts","statementMap":{"0":{"start":{"line":3,"column":0},"end":{"line":3,"column":null}},"1":{"start":{"line":4,"column":2},"end":{"line":4,"column":null}},"2":{"start":{"line":5,"column":2},"end":{"line":5,"column":null}},"3":{"start":{"line":6,"column":2},"end":{"line":6,"column":null}},"4":{"start":{"line":7,"column":2},"end":{"line":7,"column":null}},"5":{"start":{"line":8,"column":2},"end":{"line":8,"column":null}},"6":{"start":{"line":9,"column":2},"end":{"line":9,"column":null}},"7":{"start":{"line":17,"column":21},"end":{"line":17,"column":74}},"8":{"start":{"line":18,"column":4},"end":{"line":22,"column":null}},"9":{"start":{"line":19,"column":6},"end":{"line":19,"column":33}},"10":{"start":{"line":26,"column":4},"end":{"line":26,"column":55}},"11":{"start":{"line":30,"column":4},"end":{"line":30,"column":55}},"12":{"start":{"line":34,"column":4},"end":{"line":34,"column":56}},"13":{"start":{"line":38,"column":4},"end":{"line":38,"column":53}},"14":{"start":{"line":42,"column":4},"end":{"line":42,"column":55}},"15":{"start":{"line":12,"column":0},"end":{"line":12,"column":13}}},"fnMap":{"0":{"name":"(anonymous_0)","decl":{"start":{"line":3,"column":0},"end":{"line":3,"column":12}},"loc":{"start":{"line":3,"column":20},"end":{"line":10,"column":1}}},"1":{"name":"(anonymous_1)","decl":{"start":{"line":13,"column":10},"end":{"line":13,"column":16}},"loc":{"start":{"line":15,"column":65},"end":{"line":23,"column":3}}},"2":{"name":"(anonymous_2)","decl":{"start":{"line":25,"column":9},"end":{"line":25,"column":15}},"loc":{"start":{"line":25,"column":36},"end":{"line":27,"column":3}}},"3":{"name":"(anonymous_3)","decl":{"start":{"line":29,"column":9},"end":{"line":29,"column":15}},"loc":{"start":{"line":29,"column":36},"end":{"line":31,"column":3}}},"4":{"name":"(anonymous_4)","decl":{"start":{"line":33,"column":9},"end":{"line":33,"column":15}},"loc":{"start":{"line":33,"column":38},"end":{"line":35,"column":3}}},"5":{"name":"(anonymous_5)","decl":{"start":{"line":37,"column":9},"end":{"line":37,"column":15}},"loc":{"start":{"line":37,"column":35},"end":{"line":39,"column":3}}},"6":{"name":"(anonymous_6)","decl":{"start":{"line":41,"column":9},"end":{"line":41,"column":15}},"loc":{"start":{"line":41,"column":36},"end":{"line":43,"column":3}}}},"branchMap":{"0":{"loc":{"start":{"line":3,"column":12},"end":{"line":3,"column":null}},"type":"binary-expr","locations":[{"start":{"line":3,"column":12},"end":{"line":3,"column":20}},{"start":{"line":3,"column":12},"end":{"line":3,"column":null}}]},"1":{"loc":{"start":{"line":14,"column":6},"end":{"line":14,"column":15}},"type":"default-arg","locations":[{"start":{"line":14,"column":13},"end":{"line":14,"column":15}}]},"2":{"loc":{"start":{"line":15,"column":4},"end":{"line":15,"column":65}},"type":"default-arg","locations":[{"start":{"line":15,"column":60},"end":{"line":15,"column":65}}]},"3":{"loc":{"start":{"line":17,"column":23},"end":{"line":17,"column":61}},"type":"binary-expr","locations":[{"start":{"line":17,"column":23},"end":{"line":17,"column":44}},{"start":{"line":17,"column":48},"end":{"line":17,"column":61}}]},"4":{"loc":{"start":{"line":18,"column":4},"end":{"line":22,"column":null}},"type":"if","locations":[{"start":{"line":18,"column":4},"end":{"line":22,"column":null}}]}},"s":{"0":2,"1":2,"2":2,"3":2,"4":2,"5":2,"6":2,"7":8,"8":8,"9":8,"10":0,"11":0,"12":0,"13":8,"14":0,"15":2},"f":{"0":2,"1":8,"2":0,"3":0,"4":0,"5":8,"6":0},"b":{"0":[2,2],"1":[0],"2":[0],"3":[8,8],"4":[8]}}
,"C:\\projects\\workspaces\\git-hub\\workflow-playground\\src\\tools\\index.ts": {"path":"C:\\projects\\workspaces\\git-hub\\workflow-playground\\src\\tools\\index.ts","statementMap":{"0":{"start":{"line":1,"column":0},"end":{"line":1,"column":27}}},"fnMap":{},"branchMap":{},"s":{"0":1},"f":{},"b":{}}
,"C:\\projects\\workspaces\\git-hub\\workflow-playground\\src\\tools\\builders\\index.ts": {"path":"C:\\projects\\workspaces\\git-hub\\workflow-playground\\src\\tools\\builders\\index.ts","statementMap":{"0":{"start":{"line":1,"column":0},"end":{"line":1,"column":36}}},"fnMap":{},"branchMap":{},"s":{"0":1},"f":{},"b":{}}
,"C:\\projects\\workspaces\\git-hub\\workflow-playground\\src\\tools\\builders\\json-data-builder.ts": {"path":"C:\\projects\\workspaces\\git-hub\\workflow-playground\\src\\tools\\builders\\json-data-builder.ts","statementMap":{"0":{"start":{"line":1,"column":0},"end":{"line":1,"column":34}},"1":{"start":{"line":35,"column":4},"end":{"line":35,"column":33}},"2":{"start":{"line":39,"column":4},"end":{"line":39,"column":35}},"3":{"start":{"line":40,"column":4},"end":{"line":40,"column":16}},"4":{"start":{"line":44,"column":4},"end":{"line":47,"column":6}},"5":{"start":{"line":48,"column":4},"end":{"line":48,"column":16}},"6":{"start":{"line":52,"column":4},"end":{"line":55,"column":6}},"7":{"start":{"line":56,"column":4},"end":{"line":56,"column":16}},"8":{"start":{"line":60,"column":4},"end":{"line":63,"column":6}},"9":{"start":{"line":64,"column":4},"end":{"line":64,"column":16}},"10":{"start":{"line":68,"column":4},"end":{"line":68,"column":48}},"11":{"start":{"line":69,"column":4},"end":{"line":69,"column":16}},"12":{"start":{"line":73,"column":4},"end":{"line":73,"column":29}},"13":{"start":{"line":31,"column":0},"end":{"line":31,"column":13}}},"fnMap":{"0":{"name":"(anonymous_0)","decl":{"start":{"line":34,"column":2},"end":{"line":34,"column":14}},"loc":{"start":{"line":34,"column":53},"end":{"line":36,"column":3}}},"1":{"name":"(anonymous_1)","decl":{"start":{"line":38,"column":2},"end":{"line":38,"column":14}},"loc":{"start":{"line":38,"column":40},"end":{"line":41,"column":3}}},"2":{"name":"(anonymous_2)","decl":{"start":{"line":43,"column":2},"end":{"line":43,"column":10}},"loc":{"start":{"line":43,"column":28},"end":{"line":49,"column":3}}},"3":{"name":"(anonymous_3)","decl":{"start":{"line":51,"column":2},"end":{"line":51,"column":26}},"loc":{"start":{"line":51,"column":60},"end":{"line":57,"column":3}}},"4":{"name":"(anonymous_4)","decl":{"start":{"line":59,"column":2},"end":{"line":59,"column":23}},"loc":{"start":{"line":59,"column":55},"end":{"line":65,"column":3}}},"5":{"name":"(anonymous_5)","decl":{"start":{"line":67,"column":2},"end":{"line":67,"column":10}},"loc":{"start":{"line":67,"column":43},"end":{"line":70,"column":3}}},"6":{"name":"(anonymous_6)","decl":{"start":{"line":72,"column":2},"end":{"line":72,"column":7}},"loc":{"start":{"line":72,"column":7},"end":{"line":74,"column":3}}}},"branchMap":{},"s":{"0":1,"1":6,"2":0,"3":0,"4":1,"5":1,"6":1,"7":1,"8":1,"9":1,"10":5,"11":5,"12":8,"13":1},"f":{"0":6,"1":0,"2":1,"3":1,"4":1,"5":5,"6":8},"b":{}}
,"C:\\projects\\workspaces\\git-hub\\workflow-playground\\test\\__mock__\\json-data-builder.ts": {"path":"C:\\projects\\workspaces\\git-hub\\workflow-playground\\test\\__mock__\\json-data-builder.ts","statementMap":{"0":{"start":{"line":3,"column":13},"end":{"line":36,"column":2}},"1":{"start":{"line":38,"column":13},"end":{"line":65,"column":2}}},"fnMap":{},"branchMap":{},"s":{"0":1,"1":1},"f":{},"b":{}}
}
