TN:
SF:src\logger.ts
FN:3,(anonymous_0)
FN:13,(anonymous_1)
FN:25,(anonymous_2)
FN:29,(anonymous_3)
FN:33,(anonymous_4)
FN:37,(anonymous_5)
FN:41,(anonymous_6)
FNF:7
FNH:3
FNDA:1,(anonymous_0)
FNDA:4,(anonymous_1)
FNDA:0,(anonymous_2)
FNDA:0,(anonymous_3)
FNDA:0,(anonymous_4)
FNDA:4,(anonymous_5)
FNDA:0,(anonymous_6)
DA:1,1
DA:3,1
DA:4,1
DA:5,1
DA:6,1
DA:7,1
DA:8,1
DA:9,1
DA:12,1
DA:17,4
DA:18,4
DA:20,4
DA:21,4
DA:26,0
DA:30,0
DA:34,0
DA:38,4
DA:42,0
LF:18
LH:14
BRDA:3,0,0,1
BRDA:3,0,1,1
BRDA:14,1,0,0
BRDA:15,2,0,0
BRDA:17,3,0,4
BRDA:17,3,1,4
BRDA:18,4,0,4
BRF:7
BRH:5
end_of_record
