TN:
SF:src\logger.ts
FN:3,(anonymous_0)
FN:13,(anonymous_1)
FN:25,(anonymous_2)
FN:29,(anonymous_3)
FN:33,(anonymous_4)
FN:37,(anonymous_5)
FN:41,(anonymous_6)
FNF:7
FNH:3
FNDA:2,(anonymous_0)
FNDA:8,(anonymous_1)
FNDA:0,(anonymous_2)
FNDA:0,(anonymous_3)
FNDA:0,(anonymous_4)
FNDA:8,(anonymous_5)
FNDA:0,(anonymous_6)
DA:3,2
DA:4,2
DA:5,2
DA:6,2
DA:7,2
DA:8,2
DA:9,2
DA:12,2
DA:17,8
DA:18,8
DA:19,8
DA:26,0
DA:30,0
DA:34,0
DA:38,8
DA:42,0
LF:16
LH:12
BRDA:3,0,0,2
BRDA:3,0,1,2
BRDA:14,1,0,0
BRDA:15,2,0,0
BRDA:17,3,0,8
BRDA:17,3,1,8
BRDA:18,4,0,8
BRF:7
BRH:5
end_of_record
TN:
SF:src\tools\index.ts
FNF:0
FNH:0
DA:1,1
LF:1
LH:1
BRF:0
BRH:0
end_of_record
TN:
SF:src\tools\builders\index.ts
FNF:0
FNH:0
DA:1,1
LF:1
LH:1
BRF:0
BRH:0
end_of_record
TN:
SF:src\tools\builders\json-data-builder.ts
FN:34,(anonymous_0)
FN:38,(anonymous_1)
FN:43,(anonymous_2)
FN:51,(anonymous_3)
FN:59,(anonymous_4)
FN:67,(anonymous_5)
FN:72,(anonymous_6)
FNF:7
FNH:6
FNDA:6,(anonymous_0)
FNDA:0,(anonymous_1)
FNDA:1,(anonymous_2)
FNDA:1,(anonymous_3)
FNDA:1,(anonymous_4)
FNDA:5,(anonymous_5)
FNDA:8,(anonymous_6)
DA:1,1
DA:31,1
DA:35,6
DA:39,0
DA:40,0
DA:44,1
DA:48,1
DA:52,1
DA:56,1
DA:60,1
DA:64,1
DA:68,5
DA:69,5
DA:73,8
LF:14
LH:12
BRF:0
BRH:0
end_of_record
TN:
SF:test\__mock__\json-data-builder.ts
FNF:0
FNH:0
DA:3,1
DA:38,1
LF:2
LH:2
BRF:0
BRH:0
end_of_record
